0,0.009000000000000001
1,0.016
2,0.024999999999999998
3,0.030999999999999996
4,0.04
5,0.048999999999999995
6,0.05799999999999999
7,0.067
8,0.07300000000000001
9,0.08000000000000002
10,0.08900000000000001
11,0.09799999999999999
12,0.102
13,0.10999999999999997
14,0.11699999999999998
15,0.12399999999999999
16,0.131
17,0.13799999999999998
18,0.14300000000000002
19,0.14700000000000002
20,0.15100000000000002
21,0.15600000000000003
22,0.16100000000000003
23,0.168
24,0.17300000000000001
25,0.17999999999999997
26,0.18799999999999997
27,0.19299999999999998
28,0.19999999999999998
29,0.20599999999999993
30,0.21199999999999994
31,0.21799999999999994
32,0.22399999999999995
33,0.22899999999999995
34,0.23499999999999996
35,0.24099999999999996
36,0.24599999999999997
37,0.251
38,0.255
39,0.26
40,0.26699999999999996
41,0.27099999999999996
42,0.27499999999999997
43,0.281
44,0.28500000000000003
45,0.28900000000000003
46,0.29400000000000004
47,0.29800000000000004
48,0.30500000000000005
49,0.30700000000000005
50,0.31400000000000006
51,0.31900000000000006
52,0.327
53,0.329
54,0.336
55,0.343
56,0.34700000000000003
57,0.35300000000000004
58,0.35699999999999993
59,0.36399999999999993
60,0.36799999999999994
61,0.36999999999999994
62,0.37399999999999994
63,0.37799999999999995
64,0.38399999999999995
65,0.38599999999999995
66,0.39099999999999996
67,0.39399999999999996
68,0.39799999999999996
69,0.40199999999999997
70,0.4089999999999999
71,0.4139999999999999
72,0.4169999999999999
73,0.42099999999999993
74,0.42499999999999993
75,0.42999999999999994
76,0.43199999999999994
77,0.43499999999999994
78,0.4399999999999999
79,0.4439999999999999
80,0.4489999999999999
81,0.4509999999999999
82,0.4529999999999999
83,0.4549999999999999
84,0.4589999999999999
85,0.4639999999999999
86,0.4659999999999999
87,0.4679999999999999
88,0.4719999999999999
89,0.4769999999999999
90,0.4789999999999999
91,0.4799999999999999
92,0.48299999999999993
93,0.48599999999999993
94,0.48999999999999994
95,0.49299999999999994
96,0.49899999999999994
97,0.501
98,0.504
99,0.507
100,0.51
101,0.513
102,0.513
103,0.5169999999999999
104,0.5209999999999999
105,0.5259999999999999
106,0.5279999999999999
107,0.5319999999999999
108,0.5369999999999999
109,0.5399999999999999
110,0.5429999999999999
111,0.5459999999999999
112,0.5479999999999999
113,0.5499999999999999
114,0.553
115,0.557
116,0.559
117,0.561
118,0.5630000000000001
119,0.5660000000000001
120,0.5690000000000001
121,0.5710000000000001
122,0.5710000000000001
123,0.574
124,0.577
125,0.5780000000000001
126,0.5820000000000001
127,0.584
128,0.589
129,0.5919999999999999
130,0.595
131,0.5959999999999999
132,0.5999999999999999
133,0.601
134,0.603
135,0.605
136,0.6059999999999999
137,0.609
138,0.6099999999999999
139,0.613
140,0.6140000000000001
141,0.615
142,0.619
143,0.6200000000000001
144,0.6220000000000001
145,0.6259999999999999
146,0.6280000000000001
147,0.6319999999999999
148,0.6339999999999999
149,0.6359999999999999
150,0.637
151,0.639
152,0.6419999999999999
153,0.643
154,0.6459999999999999
155,0.649
156,0.649
157,0.6499999999999999
158,0.6519999999999999
159,0.653
160,0.6559999999999999
161,0.659
162,0.6599999999999999
163,0.6619999999999999
164,0.665
165,0.6679999999999999
166,0.669
167,0.6719999999999999
168,0.6739999999999999
169,0.6739999999999999
170,0.6759999999999999
171,0.6759999999999999
172,0.679
173,0.681
174,0.6819999999999999
175,0.683
176,0.683
177,0.685
178,0.688
179,0.688
180,0.6890000000000001
181,0.692
182,0.694
183,0.694
184,0.696
185,0.696
186,0.696
187,0.6990000000000001
188,0.7010000000000001
189,0.7050000000000001
190,0.7070000000000001
191,0.7070000000000001
192,0.7130000000000001
193,0.714
194,0.714
195,0.7149999999999999
196,0.716
197,0.718
198,0.72
199,0.72
200,0.7229999999999999
201,0.7249999999999999
202,0.7259999999999999
203,0.7289999999999999
204,0.7299999999999999
205,0.7319999999999999
206,0.7339999999999999
207,0.7349999999999999
208,0.7359999999999999
209,0.7369999999999999
210,0.7389999999999999
211,0.7409999999999999
212,0.7459999999999999
213,0.7469999999999999
214,0.7499999999999999
215,0.7539999999999999
216,0.7559999999999999
217,0.7559999999999999
218,0.7559999999999999
219,0.7569999999999999
220,0.7569999999999999
221,0.7589999999999999
222,0.7589999999999999
223,0.7619999999999999
224,0.7629999999999999
225,0.7639999999999999
226,0.7639999999999999
227,0.7659999999999999
228,0.7659999999999999
229,0.7679999999999999
230,0.7689999999999999
231,0.7689999999999999
232,0.7699999999999999
233,0.7719999999999999
234,0.7739999999999999
235,0.7739999999999999
236,0.7739999999999999
237,0.7739999999999999
238,0.7749999999999999
239,0.7759999999999999
240,0.7769999999999999
241,0.7779999999999999
242,0.7789999999999999
243,0.7789999999999999
244,0.7809999999999999
245,0.7809999999999999
246,0.7829999999999999
247,0.7839999999999999
248,0.7859999999999999
249,0.7879999999999999
250,0.7889999999999999
251,0.7899999999999999
252,0.7909999999999999
253,0.7939999999999999
254,0.7949999999999999
255,0.7969999999999999
256,0.7979999999999999
257,0.7979999999999999
258,0.7979999999999999
259,0.7989999999999999
260,0.7989999999999999
261,0.7989999999999999
262,0.7989999999999999
263,0.8009999999999999
264,0.8009999999999999
265,0.8019999999999999
266,0.8039999999999999
267,0.8039999999999999
268,0.8049999999999999
269,0.8069999999999999
270,0.8079999999999999
271,0.8109999999999999
272,0.8119999999999998
273,0.8139999999999998
274,0.8159999999999998
275,0.8169999999999998
276,0.8189999999999998
277,0.8199999999999998
278,0.8219999999999998
279,0.8219999999999998
280,0.8239999999999998
281,0.8249999999999998
282,0.8259999999999998
283,0.8279999999999998
284,0.8279999999999998
285,0.8289999999999998
286,0.8299999999999998
287,0.8299999999999998
288,0.8309999999999998
289,0.8319999999999999
290,0.8329999999999999
291,0.8339999999999999
292,0.8339999999999999
293,0.8349999999999999
294,0.8349999999999999
295,0.8369999999999999
296,0.8379999999999999
297,0.8409999999999999
298,0.8409999999999999
299,0.8429999999999997
300,0.8429999999999997
301,0.8449999999999998
302,0.8459999999999998
303,0.8469999999999998
304,0.8469999999999998
305,0.8479999999999998
306,0.8489999999999998
307,0.8509999999999998
308,0.8519999999999998
309,0.8519999999999998
310,0.8529999999999998
311,0.8539999999999998
312,0.8539999999999998
313,0.8559999999999998
314,0.8559999999999998
315,0.8579999999999998
316,0.8579999999999998
317,0.8599999999999998
318,0.8609999999999998
319,0.8609999999999998
320,0.8619999999999998
321,0.8619999999999998
322,0.8629999999999998
323,0.8659999999999998
324,0.8669999999999998
325,0.8679999999999998
326,0.8709999999999998
327,0.8719999999999998
328,0.8729999999999998
329,0.8729999999999998
330,0.8739999999999998
331,0.8739999999999998
332,0.8739999999999998
333,0.8739999999999998
334,0.8739999999999998
335,0.8759999999999998
336,0.8769999999999998
337,0.8769999999999998
338,0.8769999999999998
339,0.8769999999999998
340,0.8779999999999998
341,0.8779999999999998
342,0.8789999999999998
343,0.8819999999999998
344,0.8829999999999998
345,0.8839999999999998
346,0.8849999999999998
347,0.8849999999999998
348,0.8849999999999998
349,0.8859999999999998
350,0.8859999999999998
351,0.8859999999999998
352,0.8859999999999998
353,0.8859999999999998
354,0.8859999999999998
355,0.8859999999999998
356,0.8869999999999998
357,0.8869999999999998
358,0.8879999999999998
359,0.8879999999999998
360,0.8879999999999998
361,0.8879999999999998
362,0.8889999999999998
363,0.8909999999999998
364,0.8919999999999998
365,0.8919999999999998
366,0.8919999999999998
367,0.8929999999999998
368,0.8949999999999998
369,0.8949999999999998
370,0.8969999999999998
371,0.8979999999999998
372,0.8989999999999998
373,0.8999999999999998
374,0.9009999999999998
375,0.9009999999999998
376,0.9019999999999998
377,0.9029999999999998
378,0.9029999999999998
379,0.9029999999999998
380,0.9029999999999998
381,0.9039999999999998
382,0.9039999999999998
383,0.9039999999999998
384,0.9039999999999998
385,0.9059999999999998
386,0.9059999999999998
387,0.9089999999999998
388,0.9089999999999998
389,0.9099999999999998
390,0.9099999999999998
391,0.9109999999999998
392,0.9109999999999998
393,0.9109999999999998
394,0.9109999999999998
395,0.9109999999999998
396,0.9109999999999998
397,0.9119999999999998
398,0.9129999999999998
399,0.9129999999999998
400,0.9149999999999998
401,0.9149999999999998
402,0.9149999999999998
403,0.9159999999999998
404,0.9169999999999998
405,0.9169999999999998
406,0.9169999999999998
407,0.9179999999999998
408,0.9179999999999998
409,0.9179999999999998
410,0.9179999999999998
411,0.9189999999999998
412,0.9219999999999998
413,0.9219999999999998
414,0.9219999999999998
415,0.9219999999999998
416,0.9229999999999998
417,0.9239999999999998
418,0.9249999999999998
419,0.9249999999999998
420,0.9259999999999998
421,0.9259999999999998
422,0.9259999999999998
423,0.9259999999999998
424,0.9259999999999998
425,0.9259999999999998
426,0.9259999999999998
427,0.9259999999999998
428,0.9259999999999998
429,0.9289999999999998
430,0.9299999999999998
431,0.9309999999999998
432,0.9309999999999998
433,0.9309999999999998
434,0.9309999999999998
435,0.9319999999999998
436,0.9319999999999998
437,0.9319999999999998
438,0.9319999999999998
439,0.9329999999999998
440,0.9339999999999998
441,0.9359999999999998
442,0.9359999999999998
443,0.9359999999999998
444,0.9369999999999998
445,0.9369999999999998
446,0.9379999999999998
447,0.9379999999999998
448,0.9379999999999998
449,0.9379999999999998
450,0.9379999999999998
451,0.9379999999999998
452,0.9379999999999998
453,0.9379999999999998
454,0.9379999999999998
455,0.9379999999999998
456,0.9379999999999998
457,0.9379999999999998
458,0.9379999999999998
459,0.9379999999999998
460,0.9399999999999998
461,0.9409999999999998
462,0.9409999999999998
463,0.9419999999999998
464,0.9419999999999998
465,0.9419999999999998
466,0.9419999999999998
467,0.9419999999999998
468,0.9419999999999998
469,0.9419999999999998
470,0.9419999999999998
471,0.9419999999999998
472,0.9429999999999998
473,0.9429999999999998
474,0.9449999999999998
475,0.9449999999999998
476,0.9449999999999998
477,0.9449999999999998
478,0.9449999999999998
479,0.9459999999999998
480,0.9459999999999998
481,0.9469999999999998
482,0.9479999999999998
483,0.9479999999999998
484,0.9479999999999998
485,0.9479999999999998
486,0.9489999999999998
487,0.9489999999999998
488,0.9489999999999998
489,0.9489999999999998
490,0.9489999999999998
491,0.9489999999999998
492,0.9489999999999998
493,0.9489999999999998
494,0.9489999999999998
495,0.9489999999999998
496,0.9499999999999998
497,0.9499999999999998
498,0.9509999999999998
499,0.9519999999999998
500,0.9529999999999998
501,0.9529999999999998
502,0.9539999999999998
503,0.9549999999999998
504,0.9559999999999998
505,0.9559999999999998
506,0.9559999999999998
507,0.9559999999999998
508,0.9559999999999998
509,0.9559999999999998
510,0.9569999999999999
511,0.9569999999999999
512,0.9569999999999999
513,0.9569999999999999
514,0.9569999999999999
515,0.9569999999999999
516,0.9579999999999999
517,0.9579999999999999
518,0.9579999999999999
519,0.9579999999999999
520,0.9579999999999999
521,0.9579999999999999
522,0.9579999999999999
523,0.9579999999999999
524,0.9589999999999999
525,0.9589999999999999
526,0.9589999999999999
527,0.9589999999999999
528,0.9589999999999999
529,0.9589999999999999
530,0.9589999999999999
531,0.9589999999999999
532,0.9589999999999999
533,0.9589999999999999
534,0.9589999999999999
535,0.9589999999999999
536,0.9589999999999999
537,0.9599999999999999
538,0.9599999999999999
539,0.9619999999999999
540,0.9629999999999999
541,0.9629999999999999
542,0.9629999999999999
543,0.9639999999999999
544,0.9639999999999999
545,0.9639999999999999
546,0.9639999999999999
547,0.9639999999999999
548,0.9639999999999999
549,0.9639999999999999
550,0.9639999999999999
551,0.9639999999999999
552,0.9649999999999999
553,0.9649999999999999
554,0.9659999999999999
555,0.9659999999999999
556,0.9659999999999999
557,0.9659999999999999
558,0.9659999999999999
559,0.9659999999999999
560,0.9659999999999999
561,0.9659999999999999
562,0.9659999999999999
563,0.9659999999999999
564,0.9669999999999999
565,0.9669999999999999
566,0.9679999999999999
567,0.9679999999999999
568,0.9679999999999999
569,0.9679999999999999
570,0.9679999999999999
571,0.9679999999999999
572,0.9679999999999999
573,0.9679999999999999
574,0.9689999999999999
575,0.9689999999999999
576,0.9689999999999999
577,0.9699999999999999
578,0.9699999999999999
579,0.9699999999999999
580,0.9699999999999999
581,0.9699999999999999
582,0.9699999999999999
583,0.9699999999999999
584,0.9709999999999999
585,0.9709999999999999
586,0.9709999999999999
587,0.9709999999999999
588,0.9709999999999999
589,0.9709999999999999
590,0.9709999999999999
591,0.9709999999999999
592,0.9709999999999999
593,0.9709999999999999
594,0.9709999999999999
595,0.9709999999999999
596,0.9709999999999999
597,0.9709999999999999
598,0.9719999999999999
599,0.9719999999999999
600,0.9719999999999999
601,0.9719999999999999
602,0.9719999999999999
603,0.9719999999999999
604,0.9719999999999999
605,0.9719999999999999
606,0.9719999999999999
607,0.9729999999999999
608,0.9739999999999999
609,0.9739999999999999
610,0.9739999999999999
611,0.9739999999999999
612,0.9739999999999999
613,0.9739999999999999
614,0.9739999999999999
615,0.9739999999999999
616,0.9739999999999999
617,0.9739999999999999
618,0.9749999999999999
619,0.9749999999999999
620,0.9749999999999999
621,0.9749999999999999
622,0.9749999999999999
623,0.9759999999999999
624,0.9759999999999999
625,0.9759999999999999
626,0.9759999999999999
627,0.9759999999999999
628,0.9759999999999999
629,0.9759999999999999
630,0.9759999999999999
631,0.9759999999999999
632,0.9759999999999999
633,0.9759999999999999
634,0.9759999999999999
635,0.9759999999999999
636,0.9759999999999999
637,0.9759999999999999
638,0.9769999999999999
639,0.9769999999999999
640,0.9769999999999999
641,0.9769999999999999
642,0.9769999999999999
643,0.9769999999999999
644,0.9769999999999999
645,0.9769999999999999
646,0.9769999999999999
647,0.9769999999999999
648,0.9769999999999999
649,0.9769999999999999
650,0.9769999999999999
651,0.9769999999999999
652,0.9769999999999999
653,0.9769999999999999
654,0.9769999999999999
655,0.9769999999999999
656,0.9769999999999999
657,0.9779999999999999
658,0.9779999999999999
659,0.9779999999999999
660,0.9779999999999999
661,0.9789999999999999
662,0.9789999999999999
663,0.9789999999999999
664,0.9789999999999999
665,0.9789999999999999
666,0.9789999999999999
667,0.9789999999999999
668,0.9789999999999999
669,0.9789999999999999
670,0.9789999999999999
671,0.9789999999999999
672,0.9789999999999999
673,0.9789999999999999
674,0.9789999999999999
675,0.9789999999999999
676,0.9789999999999999
677,0.9789999999999999
678,0.9789999999999999
679,0.9789999999999999
680,0.9789999999999999
681,0.9789999999999999
682,0.9789999999999999
683,0.9789999999999999
684,0.9799999999999999
685,0.9799999999999999
686,0.9799999999999999
687,0.9799999999999999
688,0.9799999999999999
689,0.9799999999999999
690,0.9799999999999999
691,0.9809999999999999
692,0.9809999999999999
693,0.9819999999999999
694,0.9819999999999999
695,0.9819999999999999
696,0.9829999999999999
697,0.9829999999999999
698,0.9829999999999999
699,0.9839999999999999
700,0.9839999999999999
701,0.9839999999999999
702,0.9839999999999999
703,0.9839999999999999
704,0.9839999999999999
705,0.9849999999999999
706,0.9869999999999999
707,0.9869999999999999
708,0.9869999999999999
709,0.9869999999999999
710,0.9869999999999999
711,0.9869999999999999
712,0.9869999999999999
713,0.9869999999999999
714,0.9869999999999999
715,0.9869999999999999
716,0.9869999999999999
717,0.9869999999999999
718,0.9879999999999999
719,0.9879999999999999
720,0.9879999999999999
721,0.9879999999999999
722,0.9879999999999999
723,0.9879999999999999
724,0.9879999999999999
725,0.9879999999999999
726,0.9879999999999999
727,0.9879999999999999
728,0.9879999999999999
729,0.9879999999999999
730,0.9879999999999999
731,0.9889999999999999
732,0.9889999999999999
733,0.9889999999999999
734,0.9889999999999999
735,0.9889999999999999
736,0.9889999999999999
737,0.9889999999999999
738,0.9899999999999999
739,0.9899999999999999
740,0.9899999999999999
741,0.9899999999999999
742,0.9899999999999999
743,0.9899999999999999
744,0.9899999999999999
745,0.9899999999999999
746,0.9899999999999999
747,0.9899999999999999
748,0.9899999999999999
749,0.9899999999999999
750,0.9899999999999999
751,0.9899999999999999
752,0.9899999999999999
753,0.9899999999999999
754,0.9909999999999999
755,0.9909999999999999
756,0.9909999999999999
757,0.9909999999999999
758,0.9909999999999999
759,0.9909999999999999
760,0.9909999999999999
761,0.9909999999999999
762,0.9909999999999999
763,0.9909999999999999
764,0.9909999999999999
765,0.9909999999999999
766,0.9909999999999999
767,0.9909999999999999
768,0.9909999999999999
769,0.9909999999999999
770,0.9909999999999999
771,0.9909999999999999
772,0.9909999999999999
773,0.9909999999999999
774,0.9909999999999999
775,0.9909999999999999
776,0.9909999999999999
777,0.9909999999999999
778,0.9909999999999999
779,0.9909999999999999
780,0.9909999999999999
781,0.9909999999999999
782,0.9909999999999999
783,0.9909999999999999
784,0.9909999999999999
785,0.9909999999999999
786,0.9909999999999999
787,0.9909999999999999
788,0.9909999999999999
789,0.9909999999999999
790,0.9909999999999999
791,0.9909999999999999
792,0.9909999999999999
793,0.9909999999999999
794,0.9909999999999999
795,0.9909999999999999
796,0.9909999999999999
797,0.9909999999999999
798,0.9909999999999999
799,0.9909999999999999
800,0.9909999999999999
801,0.9909999999999999
802,0.9909999999999999
803,0.9909999999999999
804,0.9909999999999999
805,0.9909999999999999
806,0.9909999999999999
807,0.9909999999999999
808,0.9909999999999999
809,0.9909999999999999
810,0.9909999999999999
811,0.9909999999999999
812,0.9909999999999999
813,0.9909999999999999
814,0.9909999999999999
815,0.9909999999999999
816,0.9909999999999999
817,0.9909999999999999
818,0.9909999999999999
819,0.9909999999999999
820,0.9909999999999999
821,0.9909999999999999
822,0.9909999999999999
823,0.9909999999999999
824,0.9909999999999999
825,0.9909999999999999
826,0.9909999999999999
827,0.9909999999999999
828,0.9909999999999999
829,0.9909999999999999
830,0.9909999999999999
831,0.9909999999999999
832,0.9909999999999999
833,0.9909999999999999
834,0.9909999999999999
835,0.9909999999999999
836,0.9909999999999999
837,0.9909999999999999
838,0.9909999999999999
839,0.9909999999999999
840,0.9919999999999999
841,0.9919999999999999
842,0.9919999999999999
843,0.9919999999999999
844,0.9919999999999999
845,0.9919999999999999
846,0.9919999999999999
847,0.9919999999999999
848,0.9919999999999999
849,0.9919999999999999
850,0.9919999999999999
851,0.9919999999999999
852,0.9919999999999999
853,0.9919999999999999
854,0.9919999999999999
855,0.9919999999999999
856,0.9919999999999999
857,0.9919999999999999
858,0.9919999999999999
859,0.9919999999999999
860,0.9919999999999999
861,0.9919999999999999
862,0.9919999999999999
863,0.9919999999999999
864,0.9919999999999999
865,0.9919999999999999
866,0.9919999999999999
867,0.9919999999999999
868,0.9919999999999999
869,0.9919999999999999
870,0.9919999999999999
871,0.9919999999999999
872,0.9919999999999999
873,0.9919999999999999
874,0.9919999999999999
875,0.9919999999999999
876,0.9919999999999999
877,0.9919999999999999
878,0.9919999999999999
879,0.9919999999999999
880,0.9919999999999999
881,0.9919999999999999
882,0.9919999999999999
883,0.9919999999999999
884,0.9919999999999999
885,0.9919999999999999
886,0.9919999999999999
887,0.9919999999999999
888,0.9919999999999999
889,0.9919999999999999
890,0.9919999999999999
891,0.9919999999999999
892,0.9919999999999999
893,0.9919999999999999
894,0.9919999999999999
895,0.9919999999999999
896,0.9919999999999999
897,0.9919999999999999
898,0.9919999999999999
899,0.9919999999999999
900,0.9919999999999999
901,0.9919999999999999
902,0.9919999999999999
903,0.9919999999999999
904,0.9919999999999999
905,0.9919999999999999
906,0.9919999999999999
907,0.9919999999999999
908,0.9919999999999999
909,0.9919999999999999
910,0.9919999999999999
911,0.9919999999999999
912,0.9919999999999999
913,0.9919999999999999
914,0.9919999999999999
915,0.9919999999999999
916,0.9919999999999999
917,0.9919999999999999
918,0.9919999999999999
919,0.9919999999999999
920,0.9919999999999999
921,0.9919999999999999
922,0.9919999999999999
923,0.9919999999999999
924,0.9919999999999999
925,0.9919999999999999
926,0.9919999999999999
927,0.9919999999999999
928,0.9919999999999999
929,0.9919999999999999
930,0.9919999999999999
931,0.9919999999999999
932,0.9919999999999999
933,0.9919999999999999
934,0.9919999999999999
935,0.9919999999999999
936,0.9919999999999999
937,0.9919999999999999
938,0.9919999999999999
939,0.9919999999999999
940,0.9919999999999999
941,0.9919999999999999
942,0.9919999999999999
943,0.9919999999999999
944,0.9919999999999999
945,0.9919999999999999
946,0.9919999999999999
947,0.9919999999999999
948,0.9919999999999999
949,0.9919999999999999
950,0.9919999999999999
951,0.9919999999999999
952,0.9919999999999999
953,0.9929999999999999
954,0.9929999999999999
955,0.9929999999999999
956,0.9929999999999999
957,0.9929999999999999
958,0.9929999999999999
959,0.9929999999999999
960,0.9929999999999999
961,0.9929999999999999
962,0.9929999999999999
963,0.9929999999999999
964,0.9929999999999999
965,0.9929999999999999
966,0.9929999999999999
967,0.9929999999999999
968,0.9929999999999999
969,0.9929999999999999
970,0.9929999999999999
971,0.9929999999999999
972,0.9929999999999999
973,0.9929999999999999
974,0.9929999999999999
975,0.9929999999999999
976,0.9929999999999999
977,0.9929999999999999
978,0.9929999999999999
979,0.9929999999999999
980,0.9929999999999999
981,0.9929999999999999
982,0.9929999999999999
983,0.9929999999999999
984,0.9929999999999999
985,0.9929999999999999
986,0.9929999999999999
987,0.9929999999999999
988,0.9929999999999999
989,0.9929999999999999
990,0.9929999999999999
991,0.9929999999999999
992,0.9929999999999999
993,0.9929999999999999
994,0.9929999999999999
995,0.9929999999999999
996,0.9929999999999999
997,0.9929999999999999
998,0.9929999999999999
999,0.9929999999999999
