0,0.0
1,0.001
2,0.001
3,0.001
4,0.001
5,0.001
6,0.001
7,0.001
8,0.001
9,0.001
10,0.001
11,0.001
12,0.001
13,0.001
14,0.001
15,0.001
16,0.001
17,0.002
18,0.002
19,0.002
20,0.002
21,0.002
22,0.002
23,0.002
24,0.002
25,0.002
26,0.002
27,0.003
28,0.004
29,0.004
30,0.004
31,0.004
32,0.004
33,0.005
34,0.005
35,0.005
36,0.006
37,0.006
38,0.006
39,0.006
40,0.008
41,0.008
42,0.008
43,0.008
44,0.008
45,0.008
46,0.008
47,0.009000000000000001
48,0.009000000000000001
49,0.01
50,0.011000000000000001
51,0.011000000000000001
52,0.011000000000000001
53,0.011000000000000001
54,0.011000000000000001
55,0.011000000000000001
56,0.011000000000000001
57,0.011000000000000001
58,0.011000000000000001
59,0.011000000000000001
60,0.011000000000000001
61,0.011000000000000001
62,0.012
63,0.012
64,0.013000000000000001
65,0.013000000000000001
66,0.013000000000000001
67,0.013000000000000001
68,0.014000000000000002
69,0.014000000000000002
70,0.015000000000000003
71,0.015000000000000003
72,0.017
73,0.019000000000000003
74,0.019000000000000003
75,0.020000000000000004
76,0.020000000000000004
77,0.022000000000000006
78,0.022000000000000006
79,0.022000000000000006
80,0.022000000000000006
81,0.023000000000000007
82,0.023000000000000007
83,0.025
84,0.026000000000000002
85,0.027000000000000003
86,0.028000000000000004
87,0.030000000000000006
88,0.03300000000000001
89,0.03300000000000001
90,0.03400000000000001
91,0.03400000000000001
92,0.03400000000000001
93,0.03400000000000001
94,0.035
95,0.036000000000000004
96,0.037
97,0.039
98,0.04
99,0.041
100,0.042
101,0.042
102,0.042
103,0.042
104,0.043000000000000003
105,0.044000000000000004
106,0.045000000000000005
107,0.047
108,0.048
109,0.05
110,0.052000000000000005
111,0.053
112,0.053
113,0.054
114,0.055
115,0.056
116,0.057
117,0.059000000000000004
118,0.061000000000000006
119,0.061000000000000006
120,0.063
121,0.063
122,0.064
123,0.065
124,0.065
125,0.066
126,0.07
127,0.07300000000000001
128,0.075
129,0.077
130,0.078
131,0.078
132,0.079
133,0.08
134,0.082
135,0.083
136,0.084
137,0.08899999999999998
138,0.08999999999999998
139,0.09099999999999998
140,0.09399999999999999
141,0.09399999999999999
142,0.09499999999999999
143,0.09699999999999999
144,0.09899999999999999
145,0.102
146,0.103
147,0.104
148,0.108
149,0.11
150,0.113
151,0.113
152,0.11599999999999999
153,0.11699999999999999
154,0.12
155,0.122
156,0.125
157,0.127
158,0.129
159,0.132
160,0.136
161,0.137
162,0.139
163,0.14100000000000001
164,0.14200000000000002
165,0.14700000000000002
166,0.15000000000000002
167,0.15400000000000003
168,0.15500000000000003
169,0.15600000000000003
170,0.15800000000000003
171,0.16100000000000003
172,0.16500000000000004
173,0.16800000000000004
174,0.17
175,0.17300000000000001
176,0.17500000000000002
177,0.17900000000000002
178,0.18200000000000002
179,0.18500000000000003
180,0.18800000000000003
181,0.19000000000000003
182,0.19200000000000003
183,0.19499999999999998
184,0.19799999999999998
185,0.20099999999999998
186,0.20299999999999999
187,0.207
188,0.209
189,0.21
190,0.211
191,0.213
192,0.217
193,0.22
194,0.222
195,0.224
196,0.226
197,0.229
198,0.22999999999999998
199,0.23399999999999999
200,0.235
201,0.239
202,0.241
203,0.242
204,0.247
205,0.247
206,0.249
207,0.253
208,0.256
209,0.26
210,0.263
211,0.265
212,0.268
213,0.272
214,0.274
215,0.276
216,0.277
217,0.28
218,0.28200000000000003
219,0.28500000000000003
220,0.28800000000000003
221,0.291
222,0.293
223,0.295
224,0.298
225,0.299
226,0.3
227,0.302
228,0.306
229,0.308
230,0.308
231,0.311
232,0.314
233,0.315
234,0.317
235,0.317
236,0.321
237,0.325
238,0.327
239,0.328
240,0.333
241,0.339
242,0.342
243,0.34600000000000003
244,0.35100000000000003
245,0.35400000000000004
246,0.35800000000000004
247,0.36000000000000004
248,0.362
249,0.364
250,0.365
251,0.365
252,0.367
253,0.368
254,0.372
255,0.374
256,0.375
257,0.376
258,0.38099999999999995
259,0.38299999999999995
260,0.38599999999999995
261,0.38999999999999996
262,0.39099999999999996
263,0.39299999999999996
264,0.395
265,0.397
266,0.401
267,0.402
268,0.405
269,0.41000000000000003
270,0.41100000000000003
271,0.41600000000000004
272,0.41800000000000004
273,0.42000000000000004
274,0.42300000000000004
275,0.42600000000000005
276,0.42900000000000005
277,0.43100000000000005
278,0.43300000000000005
279,0.43600000000000005
280,0.43900000000000006
281,0.44100000000000006
282,0.44400000000000006
283,0.44500000000000006
284,0.44600000000000006
285,0.44800000000000006
286,0.45500000000000007
287,0.4570000000000001
288,0.4570000000000001
289,0.4580000000000001
290,0.4600000000000001
291,0.4630000000000001
292,0.4630000000000001
293,0.4680000000000001
294,0.4700000000000001
295,0.4720000000000001
296,0.4730000000000001
297,0.478
298,0.482
299,0.484
300,0.487
301,0.49
302,0.494
303,0.499
304,0.503
305,0.506
306,0.507
307,0.5099999999999999
308,0.5139999999999999
309,0.5159999999999999
310,0.5189999999999999
311,0.5209999999999999
312,0.5259999999999999
313,0.5269999999999999
314,0.5289999999999999
315,0.5309999999999999
316,0.5329999999999999
317,0.5359999999999999
318,0.5379999999999999
319,0.5389999999999999
320,0.5399999999999999
321,0.5429999999999998
322,0.5459999999999998
323,0.5489999999999998
324,0.5509999999999998
325,0.5519999999999998
326,0.5539999999999998
327,0.5589999999999998
328,0.5619999999999998
329,0.5619999999999998
330,0.5659999999999998
331,0.5679999999999998
332,0.5699999999999998
333,0.5709999999999998
334,0.5729999999999998
335,0.5739999999999998
336,0.5789999999999998
337,0.5819999999999999
338,0.5879999999999999
339,0.5889999999999999
340,0.5919999999999999
341,0.5939999999999999
342,0.5959999999999999
343,0.5989999999999999
344,0.6009999999999999
345,0.6049999999999999
346,0.6069999999999999
347,0.6089999999999999
348,0.6099999999999999
349,0.6139999999999999
350,0.6149999999999999
351,0.6199999999999999
352,0.6219999999999999
353,0.6239999999999999
354,0.6279999999999999
355,0.6279999999999999
356,0.6309999999999999
357,0.6349999999999999
358,0.6379999999999999
359,0.6389999999999999
360,0.6419999999999999
361,0.6449999999999999
362,0.6509999999999999
363,0.6549999999999999
364,0.6569999999999999
365,0.6589999999999999
366,0.6599999999999999
367,0.6609999999999999
368,0.6629999999999999
369,0.6659999999999999
370,0.6689999999999999
371,0.6699999999999999
372,0.6719999999999999
373,0.6739999999999999
374,0.6759999999999999
375,0.6779999999999999
376,0.6799999999999999
377,0.6819999999999999
378,0.6849999999999999
379,0.688
380,0.691
381,0.6929999999999998
382,0.694
383,0.6969999999999998
384,0.6999999999999998
385,0.702
386,0.702
387,0.704
388,0.7049999999999998
389,0.708
390,0.7119999999999999
391,0.713
392,0.7139999999999999
393,0.7139999999999999
394,0.717
395,0.717
396,0.7179999999999999
397,0.7189999999999999
398,0.7199999999999999
399,0.7239999999999999
400,0.7269999999999999
401,0.7269999999999999
402,0.7269999999999999
403,0.7279999999999999
404,0.7299999999999999
405,0.7329999999999999
406,0.7339999999999999
407,0.7339999999999999
408,0.7379999999999999
409,0.7399999999999999
410,0.7409999999999999
411,0.7439999999999999
412,0.7469999999999999
413,0.7509999999999999
414,0.7529999999999999
415,0.7549999999999999
416,0.7559999999999999
417,0.7569999999999999
418,0.7569999999999999
419,0.7579999999999999
420,0.7599999999999999
421,0.7649999999999999
422,0.7669999999999999
423,0.7689999999999999
424,0.7719999999999999
425,0.7729999999999999
426,0.7749999999999999
427,0.7779999999999999
428,0.7789999999999999
429,0.7809999999999999
430,0.7839999999999999
431,0.7869999999999999
432,0.7889999999999999
433,0.7919999999999999
434,0.7939999999999999
435,0.7979999999999999
436,0.7979999999999999
437,0.7999999999999999
438,0.7999999999999999
439,0.8009999999999999
440,0.8019999999999999
441,0.8049999999999999
442,0.8059999999999999
443,0.8069999999999999
444,0.8079999999999999
445,0.8079999999999999
446,0.8089999999999999
447,0.8089999999999999
448,0.8099999999999999
449,0.8109999999999999
450,0.813
451,0.814
452,0.814
453,0.818
454,0.818
455,0.818
456,0.82
457,0.822
458,0.825
459,0.826
460,0.826
461,0.826
462,0.829
463,0.83
464,0.832
465,0.836
466,0.836
467,0.837
468,0.838
469,0.839
470,0.84
471,0.84
472,0.84
473,0.8419999999999999
474,0.8429999999999999
475,0.8449999999999999
476,0.8459999999999999
477,0.8469999999999999
478,0.8479999999999999
479,0.8509999999999999
480,0.8509999999999999
481,0.8539999999999999
482,0.8549999999999999
483,0.8549999999999999
484,0.8559999999999999
485,0.8589999999999999
486,0.8609999999999999
487,0.8609999999999999
488,0.8629999999999999
489,0.8629999999999999
490,0.8639999999999999
491,0.8659999999999999
492,0.8659999999999999
493,0.8679999999999999
494,0.8699999999999999
495,0.8699999999999999
496,0.8729999999999999
497,0.8739999999999999
498,0.8739999999999999
499,0.8749999999999999
500,0.8759999999999999
501,0.8769999999999999
502,0.8799999999999999
503,0.8809999999999999
504,0.8819999999999999
505,0.8829999999999999
506,0.8839999999999999
507,0.8839999999999999
508,0.8849999999999999
509,0.8849999999999999
510,0.8859999999999999
511,0.8859999999999999
512,0.8859999999999999
513,0.8879999999999999
514,0.8879999999999999
515,0.8879999999999999
516,0.8879999999999999
517,0.8899999999999999
518,0.8909999999999999
519,0.8909999999999999
520,0.8909999999999999
521,0.8919999999999999
522,0.8939999999999999
523,0.8949999999999999
524,0.8969999999999999
525,0.8969999999999999
526,0.8979999999999999
527,0.8989999999999999
528,0.8999999999999999
529,0.8999999999999999
530,0.9009999999999999
531,0.9009999999999999
532,0.9009999999999999
533,0.9009999999999999
534,0.9029999999999999
535,0.9029999999999999
536,0.9029999999999999
537,0.9039999999999999
538,0.9049999999999999
539,0.9049999999999999
540,0.9059999999999999
541,0.9069999999999999
542,0.9079999999999999
543,0.9079999999999999
544,0.9079999999999999
545,0.9089999999999999
546,0.9089999999999999
547,0.9089999999999999
548,0.9109999999999998
549,0.9109999999999998
550,0.9109999999999998
551,0.9109999999999998
552,0.9109999999999998
553,0.9109999999999998
554,0.9119999999999998
555,0.9119999999999998
556,0.9129999999999998
557,0.9139999999999998
558,0.9139999999999998
559,0.9139999999999998
560,0.9149999999999998
561,0.9159999999999998
562,0.9179999999999998
563,0.9179999999999998
564,0.9179999999999998
565,0.9199999999999998
566,0.9209999999999998
567,0.9209999999999998
568,0.9209999999999998
569,0.9209999999999998
570,0.9219999999999998
571,0.9219999999999998
572,0.9219999999999998
573,0.9229999999999998
574,0.9239999999999998
575,0.9239999999999998
576,0.9259999999999998
577,0.9269999999999998
578,0.9269999999999998
579,0.9269999999999998
580,0.9269999999999998
581,0.9269999999999998
582,0.9269999999999998
583,0.9269999999999998
584,0.9279999999999998
585,0.9279999999999998
586,0.9279999999999998
587,0.9299999999999998
588,0.9299999999999998
589,0.9299999999999998
590,0.9309999999999998
591,0.9329999999999998
592,0.9349999999999998
593,0.9359999999999998
594,0.9359999999999998
595,0.9359999999999998
596,0.9369999999999998
597,0.9369999999999998
598,0.9389999999999998
599,0.9389999999999998
600,0.9389999999999998
601,0.9399999999999998
602,0.9399999999999998
603,0.9409999999999998
604,0.9409999999999998
605,0.9419999999999998
606,0.9419999999999998
607,0.9419999999999998
608,0.9419999999999998
609,0.9419999999999998
610,0.9419999999999998
611,0.9429999999999998
612,0.9429999999999998
613,0.9449999999999998
614,0.9469999999999998
615,0.9479999999999998
616,0.9479999999999998
617,0.9479999999999998
618,0.9479999999999998
619,0.9479999999999998
620,0.9489999999999998
621,0.9489999999999998
622,0.9489999999999998
623,0.9509999999999998
624,0.9509999999999998
625,0.9509999999999998
626,0.9509999999999998
627,0.9509999999999998
628,0.9509999999999998
629,0.9509999999999998
630,0.9509999999999998
631,0.9519999999999998
632,0.9519999999999998
633,0.9519999999999998
634,0.9529999999999998
635,0.9539999999999998
636,0.9539999999999998
637,0.9549999999999998
638,0.9549999999999998
639,0.9549999999999998
640,0.9559999999999998
641,0.9559999999999998
642,0.9559999999999998
643,0.9559999999999998
644,0.9569999999999999
645,0.9569999999999999
646,0.9569999999999999
647,0.9569999999999999
648,0.9569999999999999
649,0.9579999999999999
650,0.9579999999999999
651,0.9589999999999999
652,0.9589999999999999
653,0.9599999999999999
654,0.9599999999999999
655,0.9599999999999999
656,0.9599999999999999
657,0.9599999999999999
658,0.9599999999999999
659,0.9609999999999999
660,0.9609999999999999
661,0.9619999999999999
662,0.9619999999999999
663,0.9619999999999999
664,0.9629999999999999
665,0.9639999999999999
666,0.9649999999999999
667,0.9649999999999999
668,0.9649999999999999
669,0.9649999999999999
670,0.9669999999999999
671,0.9679999999999999
672,0.9679999999999999
673,0.9679999999999999
674,0.9679999999999999
675,0.9679999999999999
676,0.9679999999999999
677,0.9679999999999999
678,0.9679999999999999
679,0.9679999999999999
680,0.9679999999999999
681,0.9679999999999999
682,0.9689999999999999
683,0.9699999999999999
684,0.9699999999999999
685,0.9699999999999999
686,0.9709999999999999
687,0.9709999999999999
688,0.9719999999999999
689,0.9719999999999999
690,0.9729999999999999
691,0.9729999999999999
692,0.9739999999999999
693,0.9739999999999999
694,0.9739999999999999
695,0.9739999999999999
696,0.9739999999999999
697,0.9739999999999999
698,0.9739999999999999
699,0.9739999999999999
700,0.9739999999999999
701,0.9739999999999999
702,0.9739999999999999
703,0.9739999999999999
704,0.9739999999999999
705,0.9739999999999999
706,0.9739999999999999
707,0.9739999999999999
708,0.9739999999999999
709,0.9749999999999999
710,0.9749999999999999
711,0.9749999999999999
712,0.9749999999999999
713,0.9749999999999999
714,0.9759999999999999
715,0.9759999999999999
716,0.9759999999999999
717,0.9759999999999999
718,0.9759999999999999
719,0.9759999999999999
720,0.9759999999999999
721,0.9769999999999999
722,0.9769999999999999
723,0.9769999999999999
724,0.9769999999999999
725,0.9769999999999999
726,0.9769999999999999
727,0.9779999999999999
728,0.9779999999999999
729,0.9779999999999999
730,0.9779999999999999
731,0.9779999999999999
732,0.9789999999999999
733,0.9789999999999999
734,0.9789999999999999
735,0.9799999999999999
736,0.9799999999999999
737,0.9809999999999999
738,0.9809999999999999
739,0.9819999999999999
740,0.9819999999999999
741,0.9819999999999999
742,0.9819999999999999
743,0.9819999999999999
744,0.9819999999999999
745,0.9819999999999999
746,0.9819999999999999
747,0.9829999999999999
748,0.9829999999999999
749,0.9839999999999999
750,0.9839999999999999
751,0.9839999999999999
752,0.9849999999999999
753,0.9849999999999999
754,0.9849999999999999
755,0.9859999999999999
756,0.9859999999999999
757,0.9859999999999999
758,0.9859999999999999
759,0.9859999999999999
760,0.9859999999999999
761,0.9859999999999999
762,0.9859999999999999
763,0.9859999999999999
764,0.9859999999999999
765,0.9859999999999999
766,0.9869999999999999
767,0.9869999999999999
768,0.9869999999999999
769,0.9869999999999999
770,0.9869999999999999
771,0.9869999999999999
772,0.9869999999999999
773,0.9869999999999999
774,0.9869999999999999
775,0.9869999999999999
776,0.9869999999999999
777,0.9869999999999999
778,0.9869999999999999
779,0.9879999999999999
780,0.9879999999999999
781,0.9879999999999999
782,0.9879999999999999
783,0.9879999999999999
784,0.9879999999999999
785,0.9879999999999999
786,0.9889999999999999
787,0.9889999999999999
788,0.9889999999999999
789,0.9889999999999999
790,0.9889999999999999
791,0.9889999999999999
792,0.9889999999999999
793,0.9889999999999999
794,0.9889999999999999
795,0.9899999999999999
796,0.9899999999999999
797,0.9909999999999999
798,0.9909999999999999
799,0.9909999999999999
800,0.9909999999999999
801,0.9909999999999999
802,0.9909999999999999
803,0.9909999999999999
804,0.9909999999999999
805,0.9909999999999999
806,0.9909999999999999
807,0.9909999999999999
808,0.9909999999999999
809,0.9909999999999999
810,0.9909999999999999
811,0.9909999999999999
812,0.9909999999999999
813,0.9909999999999999
814,0.9909999999999999
815,0.9909999999999999
816,0.9909999999999999
817,0.9909999999999999
818,0.9909999999999999
819,0.9909999999999999
820,0.9909999999999999
821,0.9909999999999999
822,0.9909999999999999
823,0.9909999999999999
824,0.9909999999999999
825,0.9909999999999999
826,0.9909999999999999
827,0.9909999999999999
828,0.9909999999999999
829,0.9909999999999999
830,0.9909999999999999
831,0.9909999999999999
832,0.9909999999999999
833,0.9909999999999999
834,0.9909999999999999
835,0.9909999999999999
836,0.9909999999999999
837,0.9909999999999999
838,0.9909999999999999
839,0.9909999999999999
840,0.9909999999999999
841,0.9909999999999999
842,0.9909999999999999
843,0.9909999999999999
844,0.9909999999999999
845,0.9909999999999999
846,0.9909999999999999
847,0.9909999999999999
848,0.9909999999999999
849,0.9909999999999999
850,0.9909999999999999
851,0.9909999999999999
852,0.9909999999999999
853,0.9909999999999999
854,0.9909999999999999
855,0.9909999999999999
856,0.9909999999999999
857,0.9909999999999999
858,0.9919999999999999
859,0.9919999999999999
860,0.9919999999999999
861,0.9919999999999999
862,0.9919999999999999
863,0.9929999999999999
864,0.9929999999999999
865,0.9929999999999999
866,0.9929999999999999
867,0.9929999999999999
868,0.9929999999999999
869,0.9929999999999999
870,0.9929999999999999
871,0.9929999999999999
872,0.9929999999999999
873,0.9929999999999999
874,0.9929999999999999
875,0.9939999999999999
876,0.9939999999999999
877,0.9939999999999999
878,0.9939999999999999
879,0.9939999999999999
880,0.9939999999999999
881,0.9939999999999999
882,0.9939999999999999
883,0.9939999999999999
884,0.9939999999999999
885,0.9939999999999999
886,0.9939999999999999
887,0.9939999999999999
888,0.9939999999999999
889,0.9939999999999999
890,0.9939999999999999
891,0.9939999999999999
892,0.9939999999999999
893,0.9939999999999999
894,0.9939999999999999
895,0.9939999999999999
896,0.9939999999999999
897,0.9939999999999999
898,0.9939999999999999
899,0.9939999999999999
900,0.9939999999999999
901,0.9939999999999999
902,0.9939999999999999
903,0.9939999999999999
904,0.9939999999999999
905,0.9939999999999999
906,0.9939999999999999
907,0.9939999999999999
908,0.9939999999999999
909,0.9939999999999999
910,0.9939999999999999
911,0.9939999999999999
912,0.9939999999999999
913,0.9939999999999999
914,0.9939999999999999
915,0.9939999999999999
916,0.9939999999999999
917,0.9939999999999999
918,0.9939999999999999
919,0.9939999999999999
920,0.9939999999999999
921,0.9939999999999999
922,0.9939999999999999
923,0.9939999999999999
924,0.9939999999999999
925,0.9939999999999999
926,0.9939999999999999
927,0.9939999999999999
928,0.9939999999999999
929,0.9939999999999999
930,0.9939999999999999
931,0.9939999999999999
932,0.9939999999999999
933,0.9939999999999999
934,0.9939999999999999
935,0.9939999999999999
936,0.9939999999999999
937,0.9939999999999999
938,0.9939999999999999
939,0.9949999999999999
940,0.9949999999999999
941,0.9949999999999999
942,0.9949999999999999
943,0.9949999999999999
944,0.9949999999999999
945,0.9949999999999999
946,0.9949999999999999
947,0.9959999999999999
948,0.9959999999999999
949,0.9959999999999999
950,0.9959999999999999
951,0.9959999999999999
952,0.9959999999999999
953,0.9959999999999999
954,0.9959999999999999
955,0.9959999999999999
956,0.9959999999999999
957,0.9959999999999999
958,0.9959999999999999
959,0.9959999999999999
960,0.9959999999999999
961,0.9959999999999999
962,0.9959999999999999
963,0.9959999999999999
964,0.9959999999999999
965,0.9959999999999999
966,0.9959999999999999
967,0.9959999999999999
968,0.9959999999999999
969,0.9959999999999999
970,0.9959999999999999
971,0.9959999999999999
972,0.9959999999999999
973,0.9959999999999999
974,0.9959999999999999
975,0.9959999999999999
976,0.9959999999999999
977,0.9959999999999999
978,0.9959999999999999
979,0.9959999999999999
980,0.9959999999999999
981,0.9959999999999999
982,0.9959999999999999
983,0.9959999999999999
984,0.9959999999999999
985,0.9959999999999999
986,0.9959999999999999
987,0.9959999999999999
988,0.9959999999999999
989,0.9969999999999999
990,0.9969999999999999
991,0.9969999999999999
992,0.9969999999999999
993,0.9969999999999999
994,0.9969999999999999
995,0.9969999999999999
996,0.9969999999999999
997,0.9969999999999999
998,0.9969999999999999
999,0.9969999999999999
